2025-12-23T19:32:04.929840 - ERROR MainLogger
-0 ╔ work ⌜ start 1 ...
2025-12-23T19:32:04.930073 - ERROR MainLogger
-0 ╝ work ⌟ done; 3. in 0.0006430149078369141 s
2025-12-23T19:35:53.559483 - ERROR MainLogger
-0 ╔ work ⌜ start 1 ...
2025-12-23T19:35:53.559682 - ERROR MainLogger
-0 ╝ work ⌟ done; 3. in 0.0006451606750488281 s
2025-12-23T20:13:35.118012 - ERROR MainLogger
-0 ╔ work ⌜ start 1 ...
2025-12-23T20:13:35.118205 - ERROR MainLogger
-0 ╝ work ⌟ done; 3. in 0.0005829334259033203 s
2025-12-23T20:14:09.178276 - ERROR MainLogger
-0 ╔ work ⌜ start 1 ...
2025-12-23T20:14:09.178468 - ERROR MainLogger
-0 ╝ work ⌟ done; 3. in 0.0005779266357421875 s
2025-12-23T20:14:13.945655 - ERROR MainLogger
-0 ╔ work ⌜ start 1 ...
2025-12-23T20:14:13.945850 - ERROR MainLogger
-0 ╝ work ⌟ done; 3. in 0.0005753040313720703 s
2025-12-23T20:15:13.322373 - ERROR MainLogger
-0 ╔ work ⌜ start testing... ...
2025-12-23T20:15:13.322559 - ERROR MainLogger
-0 ╝ work ⌟ done; all done.. in 0.0005660057067871094 s
2025-12-23T20:19:23.500336 - ERROR MainLogger
-0 ╔ work ⌜ start testing... ...
2025-12-23T20:19:23.500518 - ERROR MainLogger
-0 ╝ work ⌟ done; all done.. in 0.000576019287109375 s
2025-12-23T20:22:57.400340 - ERROR MainLogger
-0 ╔ work ⌜ start testing... ...
2025-12-23T20:22:57.400518 - ERROR MainLogger
-0 ╝ work ⌟ done; all done.. in 0.00018095970153808594 s
